<?xml version="1.0" encoding="utf-8"?><testsuites name="pytest tests"><testsuite name="pytest" errors="0" failures="0" skipped="0" tests="4" time="112.203" timestamp="2026-08-27T09:31:06.663687+00:00" hostname="agent-env-fce78bb5-db4b-4207-a66c-36b56b4e9adb"><testcase classname="tests.test_iter18_utr_extract.TestExtractUtr" name="test_requires_auth" time="0.232" /><testcase classname="tests.test_iter18_utr_extract.TestExtractUtr" name="test_extract_from_upi_screenshot" time="40.564" /><testcase classname="tests.test_iter18_utr_extract.TestExtractUtr" name="test_no_utr_image" time="40.601" /><testcase classname="tests.test_iter18_utr_extract.TestExtractUtr" name="test_empty_file_rejected" time="30.315" /></testsuite></testsuites>