<?xml version="1.0" encoding="utf-8"?><testsuites name="pytest tests"><testsuite name="pytest" errors="0" failures="0" skipped="0" tests="16" time="2.302" timestamp="2026-08-27T08:41:53.361823+00:00" hostname="agent-env-fce78bb5-db4b-4207-a66c-36b56b4e9adb"><testcase classname="tests.test_iter16_deploy" name="test_health_root" time="0.250" /><testcase classname="tests.test_iter16_deploy" name="test_register_gives_token_and_wallet_bonus" time="0.275" /><testcase classname="tests.test_iter16_deploy" name="test_login_registered_user" time="0.277" /><testcase classname="tests.test_iter16_deploy" name="test_super_admin_login_role" time="0.272" /><testcase classname="tests.test_iter16_deploy" name="test_me_requires_auth" time="0.052" /><testcase classname="tests.test_iter16_deploy" name="test_me_with_token" time="0.049" /><testcase classname="tests.test_iter16_deploy" name="test_expense_created_persists_via_get_by_id" time="0.110" /><testcase classname="tests.test_iter16_deploy" name="test_expense_appears_in_list" time="0.052" /><testcase classname="tests.test_iter16_deploy" name="test_expenses_list_requires_auth" time="0.047" /><testcase classname="tests.test_iter16_deploy" name="test_reports_list_authenticated" time="0.050" /><testcase classname="tests.test_iter16_deploy" name="test_reports_create_and_retrieve" time="0.109" /><testcase classname="tests.test_iter16_deploy" name="test_expense_empty_body_returns_422" time="0.052" /><testcase classname="tests.test_iter16_deploy" name="test_register_invalid_email_returns_422" time="0.050" /><testcase classname="tests.test_iter16_deploy" name="test_payments_config_reports_disabled" time="0.053" /><testcase classname="tests.test_iter16_deploy" name="test_create_order_without_razorpay_is_graceful" time="0.052" /><testcase classname="tests.test_iter16_deploy" name="test_merchant_create_order_without_razorpay_is_graceful" time="0.052" /></testsuite></testsuites>