<?xml version="1.0" encoding="utf-8"?><testsuites name="pytest tests"><testsuite name="pytest" errors="0" failures="0" skipped="0" tests="8" time="1.810" timestamp="2026-08-27T09:01:51.309917+00:00" hostname="agent-env-fce78bb5-db4b-4207-a66c-36b56b4e9adb"><testcase classname="tests.test_iter17_single_scan" name="test_payments_config_live" time="0.254" /><testcase classname="tests.test_iter17_single_scan" name="test_first_scan_single_scan" time="0.447" /><testcase classname="tests.test_iter17_single_scan" name="test_confirm_marks_claimed" time="0.055" /><testcase classname="tests.test_iter17_single_scan" name="test_proof_utr_11_digits_rejected" time="0.164" /><testcase classname="tests.test_iter17_single_scan" name="test_proof_utr_13_digits_rejected" time="0.100" /><testcase classname="tests.test_iter17_single_scan" name="test_proof_utr_non_numeric_rejected" time="0.109" /><testcase classname="tests.test_iter17_single_scan" name="test_proof_utr_12_digits_ok" time="0.112" /><testcase classname="tests.test_iter17_single_scan" name="test_generate_wallet_first" time="0.106" /></testsuite></testsuites>